INFO:root:CountVectorizer and Classifiers pickles successfully tested
INFO:werkzeug: * Running on http://127.0.0.1:5000 (Press CTRL+C to quit)
INFO:werkzeug: * Running on http://127.0.0.1:5000 (Press CTRL+C to quit)
INFO:werkzeug: * Running on http://127.0.0.1:5000 (Press CTRL+C to quit)
ERROR:app:Exception on /predict [GET]
Traceback (most recent call last):
  File "C:\Users\HEX\.virtualenvs\vaccine-misinfo-v6b3R81Y\lib\site-packages\flask\app.py", line 2077, in wsgi_app
    response = self.full_dispatch_request()
  File "C:\Users\HEX\.virtualenvs\vaccine-misinfo-v6b3R81Y\lib\site-packages\flask\app.py", line 1525, in full_dispatch_request
    rv = self.handle_user_exception(e)
  File "C:\Users\HEX\.virtualenvs\vaccine-misinfo-v6b3R81Y\lib\site-packages\flask\app.py", line 1523, in full_dispatch_request
    rv = self.dispatch_request()
  File "C:\Users\HEX\.virtualenvs\vaccine-misinfo-v6b3R81Y\lib\site-packages\flask\app.py", line 1509, in dispatch_request
    return self.ensure_sync(self.view_functions[rule.endpoint])(**req.view_args)
  File "C:\Users\HEX\Documents\GitHub\vaccine-misinfo\app\app.py", line 404, in get_prediction
    clf = pickle.load(open(f"{selected_clf}.pkl", "rb"))
FileNotFoundError: [Errno 2] No such file or directory: 's_clf.pkl'
INFO:werkzeug:127.0.0.1 - - [08/Apr/2022 22:06:36] "[35m[1mGET /predict?clf=s_clf&url=https://twitter.com/user/status/1234567890 HTTP/1.1[0m" 500 -
INFO:werkzeug: * Running on http://127.0.0.1:5000 (Press CTRL+C to quit)
INFO:werkzeug: * Running on http://127.0.0.1:5000 (Press CTRL+C to quit)
ERROR:app:Exception on /predict [GET]
Traceback (most recent call last):
  File "C:\Users\HEX\.virtualenvs\vaccine-misinfo-v6b3R81Y\lib\site-packages\flask\app.py", line 2077, in wsgi_app
    response = self.full_dispatch_request()
  File "C:\Users\HEX\.virtualenvs\vaccine-misinfo-v6b3R81Y\lib\site-packages\flask\app.py", line 1525, in full_dispatch_request
    rv = self.handle_user_exception(e)
  File "C:\Users\HEX\.virtualenvs\vaccine-misinfo-v6b3R81Y\lib\site-packages\flask\app.py", line 1523, in full_dispatch_request
    rv = self.dispatch_request()
  File "C:\Users\HEX\.virtualenvs\vaccine-misinfo-v6b3R81Y\lib\site-packages\flask\app.py", line 1509, in dispatch_request
    return self.ensure_sync(self.view_functions[rule.endpoint])(**req.view_args)
  File "C:\Users\HEX\Documents\GitHub\vaccine-misinfo\app\app.py", line 404, in get_prediction
    clf = pickle.load(open(f"{selected_clf}.pkl", "rb"))
FileNotFoundError: [Errno 2] No such file or directory: 's_clf.pkl'
INFO:werkzeug:127.0.0.1 - - [08/Apr/2022 22:18:43] "[35m[1mGET /predict?clf=s_clf&url=https://twitter.com/user/status/1234567890 HTTP/1.1[0m" 500 -
ERROR:app:Exception on /predict [GET]
Traceback (most recent call last):
  File "C:\Users\HEX\.virtualenvs\vaccine-misinfo-v6b3R81Y\lib\site-packages\flask\app.py", line 2077, in wsgi_app
    response = self.full_dispatch_request()
  File "C:\Users\HEX\.virtualenvs\vaccine-misinfo-v6b3R81Y\lib\site-packages\flask\app.py", line 1525, in full_dispatch_request
    rv = self.handle_user_exception(e)
  File "C:\Users\HEX\.virtualenvs\vaccine-misinfo-v6b3R81Y\lib\site-packages\flask\app.py", line 1523, in full_dispatch_request
    rv = self.dispatch_request()
  File "C:\Users\HEX\.virtualenvs\vaccine-misinfo-v6b3R81Y\lib\site-packages\flask\app.py", line 1509, in dispatch_request
    return self.ensure_sync(self.view_functions[rule.endpoint])(**req.view_args)
  File "C:\Users\HEX\Documents\GitHub\vaccine-misinfo\app\app.py", line 404, in get_prediction
    clf = pickle.load(open(f"{selected_clf}.pkl", "rb"))
FileNotFoundError: [Errno 2] No such file or directory: 'ab_clf.pkl'
INFO:werkzeug:127.0.0.1 - - [08/Apr/2022 22:19:17] "[35m[1mGET /predict?clf=ab_clf&url=https://twitter.com/user/status/1234567890 HTTP/1.1[0m" 500 -
INFO:werkzeug: * Running on http://127.0.0.1:5000 (Press CTRL+C to quit)
ERROR:app:Exception on /predict [GET]
Traceback (most recent call last):
  File "C:\Users\HEX\.virtualenvs\vaccine-misinfo-v6b3R81Y\lib\site-packages\flask\app.py", line 2077, in wsgi_app
    response = self.full_dispatch_request()
  File "C:\Users\HEX\.virtualenvs\vaccine-misinfo-v6b3R81Y\lib\site-packages\flask\app.py", line 1525, in full_dispatch_request
    rv = self.handle_user_exception(e)
  File "C:\Users\HEX\.virtualenvs\vaccine-misinfo-v6b3R81Y\lib\site-packages\flask\app.py", line 1523, in full_dispatch_request
    rv = self.dispatch_request()
  File "C:\Users\HEX\.virtualenvs\vaccine-misinfo-v6b3R81Y\lib\site-packages\flask\app.py", line 1509, in dispatch_request
    return self.ensure_sync(self.view_functions[rule.endpoint])(**req.view_args)
  File "C:\Users\HEX\Documents\GitHub\vaccine-misinfo\app\app.py", line 404, in get_prediction
    clf = pickle.load(open(f"{selected_clf}.pkl", "rb"))
FileNotFoundError: [Errno 2] No such file or directory: 'ab_clf.pkl'
INFO:werkzeug:127.0.0.1 - - [08/Apr/2022 22:20:57] "[35m[1mGET /predict?clf=ab_clf&url=https://twitter.com/user/status/1234567890 HTTP/1.1[0m" 500 -
INFO:root:CountVectorizer and Classifiers pickles successfully tested
INFO:werkzeug: * Running on http://127.0.0.1:5000 (Press CTRL+C to quit)
ERROR:app:Exception on /predict [GET]
Traceback (most recent call last):
  File "C:\Users\HEX\.virtualenvs\vaccine-misinfo-v6b3R81Y\lib\site-packages\flask\app.py", line 2077, in wsgi_app
    response = self.full_dispatch_request()
  File "C:\Users\HEX\.virtualenvs\vaccine-misinfo-v6b3R81Y\lib\site-packages\flask\app.py", line 1525, in full_dispatch_request
    rv = self.handle_user_exception(e)
  File "C:\Users\HEX\.virtualenvs\vaccine-misinfo-v6b3R81Y\lib\site-packages\flask\app.py", line 1523, in full_dispatch_request
    rv = self.dispatch_request()
  File "C:\Users\HEX\.virtualenvs\vaccine-misinfo-v6b3R81Y\lib\site-packages\flask\app.py", line 1509, in dispatch_request
    return self.ensure_sync(self.view_functions[rule.endpoint])(**req.view_args)
  File "C:\Users\HEX\Documents\GitHub\vaccine-misinfo\app\app.py", line 404, in get_prediction
    clf = pickle.load(open(f"{selected_clf}.pkl", "rb"))
FileNotFoundError: [Errno 2] No such file or directory: 'ab_clf.pkl'
INFO:werkzeug:127.0.0.1 - - [08/Apr/2022 22:42:17] "[35m[1mGET /predict?clf=ab_clf&url=https://twitter.com/user/status/1234567890 HTTP/1.1[0m" 500 -
INFO:root:CountVectorizer and Classifiers pickles successfully tested
INFO:werkzeug: * Running on http://127.0.0.1:5000 (Press CTRL+C to quit)
INFO:werkzeug: * Restarting with watchdog (windowsapi)
INFO:root:CountVectorizer and Classifiers pickles successfully tested
INFO:werkzeug: * Running on http://127.0.0.1:5000 (Press CTRL+C to quit)
INFO:werkzeug: * Restarting with watchdog (windowsapi)
INFO:root:CountVectorizer and Classifiers pickles successfully tested
INFO:werkzeug: * Running on http://127.0.0.1:5000 (Press CTRL+C to quit)
INFO:werkzeug: * Restarting with watchdog (windowsapi)
INFO:root:CountVectorizer and Classifiers pickles successfully tested
INFO:root:CountVectorizer and Classifiers pickles successfully tested
INFO:werkzeug: * Running on http://127.0.0.1:5000 (Press CTRL+C to quit)
INFO:werkzeug: * Restarting with watchdog (windowsapi)
INFO:root:CountVectorizer and Classifiers pickles successfully tested
INFO:werkzeug:127.0.0.1 - - [08/Apr/2022 22:50:42] "[35m[1mGET /predict?clf=ab_clf&url=https://twitter.com/user/status/1234567890 HTTP/1.1[0m" 500 -
INFO:root:CountVectorizer and Classifiers pickles successfully tested
INFO:werkzeug: * Running on http://127.0.0.1:5000 (Press CTRL+C to quit)
INFO:werkzeug: * Restarting with watchdog (windowsapi)
INFO:root:CountVectorizer and Classifiers pickles successfully tested
INFO:werkzeug:127.0.0.1 - - [08/Apr/2022 22:57:09] "[35m[1mGET /predict?clf=ab_clf&url=https://twitter.com/user/status/1234567890 HTTP/1.1[0m" 500 -
INFO:werkzeug: * Detected change in 'C:\\Users\\HEX\\Documents\\GitHub\\vaccine-misinfo\\app\\app.py', reloading
INFO:werkzeug: * Detected change in 'C:\\Users\\HEX\\Documents\\GitHub\\vaccine-misinfo\\app\\app.py', reloading
INFO:werkzeug: * Detected change in 'C:\\Users\\HEX\\Documents\\GitHub\\vaccine-misinfo\\app\\app.py', reloading
INFO:werkzeug: * Detected change in 'C:\\Users\\HEX\\Documents\\GitHub\\vaccine-misinfo\\app\\app.py', reloading
INFO:werkzeug: * Restarting with watchdog (windowsapi)
INFO:werkzeug: * Restarting with watchdog (windowsapi)
INFO:root:CountVectorizer and Classifiers pickles successfully tested
INFO:werkzeug: * Detected change in 'C:\\Users\\HEX\\Documents\\GitHub\\vaccine-misinfo\\app\\app.py', reloading
INFO:werkzeug: * Detected change in 'C:\\Users\\HEX\\Documents\\GitHub\\vaccine-misinfo\\app\\app.py', reloading
INFO:werkzeug: * Detected change in 'C:\\Users\\HEX\\Documents\\GitHub\\vaccine-misinfo\\app\\app.py', reloading
INFO:werkzeug: * Restarting with watchdog (windowsapi)
INFO:root:CountVectorizer and Classifiers pickles successfully tested
INFO:werkzeug: * Detected change in 'C:\\Users\\HEX\\Documents\\GitHub\\vaccine-misinfo\\app\\app.py', reloading
INFO:werkzeug: * Detected change in 'C:\\Users\\HEX\\Documents\\GitHub\\vaccine-misinfo\\app\\app.py', reloading
INFO:werkzeug: * Detected change in 'C:\\Users\\HEX\\Documents\\GitHub\\vaccine-misinfo\\app\\app.py', reloading
INFO:werkzeug: * Detected change in 'C:\\Users\\HEX\\Documents\\GitHub\\vaccine-misinfo\\app\\app.py', reloading
INFO:werkzeug: * Restarting with watchdog (windowsapi)
INFO:root:CountVectorizer and Classifiers pickles successfully tested
INFO:werkzeug: * Detected change in 'C:\\Users\\HEX\\Documents\\GitHub\\vaccine-misinfo\\app\\app.py', reloading
INFO:werkzeug: * Detected change in 'C:\\Users\\HEX\\Documents\\GitHub\\vaccine-misinfo\\app\\app.py', reloading
INFO:werkzeug: * Detected change in 'C:\\Users\\HEX\\Documents\\GitHub\\vaccine-misinfo\\app\\app.py', reloading
INFO:werkzeug: * Restarting with watchdog (windowsapi)
INFO:root:CountVectorizer and Classifiers pickles successfully tested
INFO:werkzeug: * Detected change in 'C:\\Users\\HEX\\Documents\\GitHub\\vaccine-misinfo\\app\\app.py', reloading
INFO:werkzeug: * Detected change in 'C:\\Users\\HEX\\Documents\\GitHub\\vaccine-misinfo\\app\\app.py', reloading
INFO:werkzeug: * Detected change in 'C:\\Users\\HEX\\Documents\\GitHub\\vaccine-misinfo\\app\\app.py', reloading
INFO:werkzeug: * Restarting with watchdog (windowsapi)
INFO:werkzeug: * Restarting with watchdog (windowsapi)
INFO:root:CountVectorizer and Classifiers pickles successfully tested
INFO:werkzeug: * Detected change in 'C:\\Users\\HEX\\Documents\\GitHub\\vaccine-misinfo\\app\\app.py', reloading
INFO:werkzeug: * Detected change in 'C:\\Users\\HEX\\Documents\\GitHub\\vaccine-misinfo\\app\\app.py', reloading
INFO:werkzeug: * Detected change in 'C:\\Users\\HEX\\Documents\\GitHub\\vaccine-misinfo\\app\\app.py', reloading
INFO:werkzeug: * Restarting with watchdog (windowsapi)
INFO:root:CountVectorizer and Classifiers pickles successfully tested
INFO:werkzeug: * Detected change in 'C:\\Users\\HEX\\Documents\\GitHub\\vaccine-misinfo\\app\\app.py', reloading
INFO:werkzeug: * Detected change in 'C:\\Users\\HEX\\Documents\\GitHub\\vaccine-misinfo\\app\\app.py', reloading
INFO:werkzeug: * Detected change in 'C:\\Users\\HEX\\Documents\\GitHub\\vaccine-misinfo\\app\\app.py', reloading
INFO:werkzeug: * Restarting with watchdog (windowsapi)
INFO:root:CountVectorizer and Classifiers pickles successfully tested
INFO:werkzeug: * Detected change in 'C:\\Users\\HEX\\Documents\\GitHub\\vaccine-misinfo\\app\\app.py', reloading
INFO:werkzeug: * Detected change in 'C:\\Users\\HEX\\Documents\\GitHub\\vaccine-misinfo\\app\\app.py', reloading
INFO:werkzeug: * Detected change in 'C:\\Users\\HEX\\Documents\\GitHub\\vaccine-misinfo\\app\\app.py', reloading
INFO:werkzeug: * Detected change in 'C:\\Users\\HEX\\Documents\\GitHub\\vaccine-misinfo\\app\\app.py', reloading
INFO:werkzeug: * Restarting with watchdog (windowsapi)
INFO:root:CountVectorizer and Classifiers pickles successfully tested
INFO:werkzeug: * Detected change in 'C:\\Users\\HEX\\Documents\\GitHub\\vaccine-misinfo\\app\\app.py', reloading
INFO:werkzeug: * Detected change in 'C:\\Users\\HEX\\Documents\\GitHub\\vaccine-misinfo\\app\\app.py', reloading
INFO:werkzeug: * Detected change in 'C:\\Users\\HEX\\Documents\\GitHub\\vaccine-misinfo\\app\\app.py', reloading
INFO:werkzeug: * Restarting with watchdog (windowsapi)
INFO:root:Found nklt data at .\nltk_data
INFO:root:CountVectorizer and Classifiers pickles successfully tested
INFO:werkzeug: * Detected change in 'C:\\Users\\HEX\\Documents\\GitHub\\vaccine-misinfo\\app\\app.py', reloading
INFO:werkzeug: * Detected change in 'C:\\Users\\HEX\\Documents\\GitHub\\vaccine-misinfo\\app\\app.py', reloading
INFO:werkzeug: * Detected change in 'C:\\Users\\HEX\\Documents\\GitHub\\vaccine-misinfo\\app\\app.py', reloading
INFO:werkzeug: * Restarting with watchdog (windowsapi)
INFO:root:Found nklt data at .\nltk_data
INFO:root:CountVectorizer and Classifiers pickles successfully tested
INFO:werkzeug: * Detected change in 'C:\\Users\\HEX\\Documents\\GitHub\\vaccine-misinfo\\app\\app.py', reloading
INFO:werkzeug: * Detected change in 'C:\\Users\\HEX\\Documents\\GitHub\\vaccine-misinfo\\app\\app.py', reloading
INFO:werkzeug: * Detected change in 'C:\\Users\\HEX\\Documents\\GitHub\\vaccine-misinfo\\app\\app.py', reloading
INFO:werkzeug: * Restarting with watchdog (windowsapi)
INFO:root:Found nklt data at .\nltk_data
INFO:root:CountVectorizer and Classifiers pickles successfully tested
INFO:werkzeug: * Detected change in 'C:\\Users\\HEX\\Documents\\GitHub\\vaccine-misinfo\\app\\app.py', reloading
INFO:werkzeug: * Detected change in 'C:\\Users\\HEX\\Documents\\GitHub\\vaccine-misinfo\\app\\app.py', reloading
INFO:werkzeug: * Detected change in 'C:\\Users\\HEX\\Documents\\GitHub\\vaccine-misinfo\\app\\app.py', reloading
INFO:werkzeug: * Restarting with watchdog (windowsapi)
WARNING:root:[Errno 2] No such file or directory: '.\\corpora\\stopwords\\english'
INFO:root:CountVectorizer and Classifiers pickles successfully tested
WARNING:root:Unable to load nltk data: [Errno 2] No such file or directory: 'NLTK_DATA_PATH\\corpora\\stopwords\\english'
INFO:root:CountVectorizer and Classifiers pickles successfully tested
INFO:werkzeug: * Running on http://127.0.0.1:5000 (Press CTRL+C to quit)
INFO:werkzeug: * Restarting with watchdog (windowsapi)
WARNING:root:Unable to load nltk data: [Errno 2] No such file or directory: 'NLTK_DATA_PATH\\corpora\\stopwords\\english'
INFO:root:CountVectorizer and Classifiers pickles successfully tested
INFO:werkzeug: * Detected change in 'C:\\Users\\HEX\\Documents\\GitHub\\vaccine-misinfo\\app\\app.py', reloading
INFO:werkzeug: * Detected change in 'C:\\Users\\HEX\\Documents\\GitHub\\vaccine-misinfo\\app\\app.py', reloading
INFO:werkzeug: * Detected change in 'C:\\Users\\HEX\\Documents\\GitHub\\vaccine-misinfo\\app\\app.py', reloading
INFO:werkzeug: * Detected change in 'C:\\Users\\HEX\\Documents\\GitHub\\vaccine-misinfo\\app\\app.py', reloading
INFO:werkzeug: * Restarting with watchdog (windowsapi)
WARNING:root:Unable to load nltk data: [Errno 2] No such file or directory: '{NLTK_DATA_PATH}\\corpora\\stopwords\\english'
INFO:root:CountVectorizer and Classifiers pickles successfully tested
INFO:werkzeug: * Detected change in 'C:\\Users\\HEX\\Documents\\GitHub\\vaccine-misinfo\\app\\app.py', reloading
INFO:werkzeug: * Detected change in 'C:\\Users\\HEX\\Documents\\GitHub\\vaccine-misinfo\\app\\app.py', reloading
INFO:werkzeug: * Detected change in 'C:\\Users\\HEX\\Documents\\GitHub\\vaccine-misinfo\\app\\app.py', reloading
INFO:werkzeug: * Restarting with watchdog (windowsapi)
INFO:root:Found nklt data at .\nltk_data
INFO:root:CountVectorizer and Classifiers pickles successfully tested
INFO:werkzeug: * Detected change in 'C:\\Users\\HEX\\Documents\\GitHub\\vaccine-misinfo\\app\\app.py', reloading
INFO:werkzeug: * Detected change in 'C:\\Users\\HEX\\Documents\\GitHub\\vaccine-misinfo\\app\\app.py', reloading
INFO:werkzeug: * Detected change in 'C:\\Users\\HEX\\Documents\\GitHub\\vaccine-misinfo\\app\\app.py', reloading
INFO:werkzeug: * Restarting with watchdog (windowsapi)
INFO:root:Found nklt data at .\nltk_data
INFO:root:CountVectorizer and Classifiers pickles successfully tested
INFO:werkzeug: * Detected change in 'C:\\Users\\HEX\\.virtualenvs\\vaccine-misinfo-v6b3R81Y\\Lib\\site-packages\\nltk\\tokenize\\__init__.py', reloading
INFO:werkzeug:127.0.0.1 - - [08/Apr/2022 23:06:03] "[35m[1mGET /predict?clf=ab_clf&url=https://twitter.com/user/status/1234567890 HTTP/1.1[0m" 500 -
INFO:werkzeug: * Restarting with watchdog (windowsapi)
INFO:root:Found nklt data at .\nltk_data
INFO:root:CountVectorizer and Classifiers pickles successfully tested
INFO:werkzeug: * Detected change in 'C:\\Users\\HEX\\Documents\\GitHub\\vaccine-misinfo\\app\\app.py', reloading
INFO:werkzeug: * Detected change in 'C:\\Users\\HEX\\Documents\\GitHub\\vaccine-misinfo\\app\\app.py', reloading
INFO:werkzeug: * Detected change in 'C:\\Users\\HEX\\Documents\\GitHub\\vaccine-misinfo\\app\\app.py', reloading
INFO:werkzeug: * Restarting with watchdog (windowsapi)
INFO:root:Found nklt data at .\nltk_data
INFO:root:CountVectorizer and Classifiers pickles successfully tested
INFO:werkzeug: * Detected change in 'C:\\Users\\HEX\\.virtualenvs\\vaccine-misinfo-v6b3R81Y\\Lib\\site-packages\\flask\\app.py', reloading
INFO:werkzeug:127.0.0.1 - - [08/Apr/2022 23:10:20] "[35m[1mGET /predict?clf=ab_clf&url=https://twitter.com/user/status/1234567890 HTTP/1.1[0m" 500 -
INFO:werkzeug: * Restarting with watchdog (windowsapi)
INFO:root:Found nklt data at .\nltk_data
INFO:root:CountVectorizer and Classifiers pickles successfully tested
INFO:werkzeug: * Detected change in 'C:\\Users\\HEX\\.virtualenvs\\vaccine-misinfo-v6b3R81Y\\Lib\\site-packages\\zipp.py', reloading
INFO:werkzeug: * Detected change in 'C:\\Users\\HEX\\.virtualenvs\\vaccine-misinfo-v6b3R81Y\\Lib\\site-packages\\threadpoolctl.py', reloading
INFO:werkzeug: * Restarting with watchdog (windowsapi)
INFO:werkzeug: * Restarting with watchdog (windowsapi)
INFO:root:Found nklt data at .\nltk_data
INFO:root:CountVectorizer and Classifiers pickles successfully tested
INFO:werkzeug: * Detected change in 'C:\\Users\\HEX\\Documents\\GitHub\\vaccine-misinfo\\app\\app.py', reloading
INFO:werkzeug: * Detected change in 'C:\\Users\\HEX\\Documents\\GitHub\\vaccine-misinfo\\app\\app.py', reloading
INFO:werkzeug: * Detected change in 'C:\\Users\\HEX\\Documents\\GitHub\\vaccine-misinfo\\app\\app.py', reloading
INFO:werkzeug: * Restarting with watchdog (windowsapi)
INFO:root:Found nklt data at .\nltk_data
INFO:root:CountVectorizer and Classifiers pickles successfully tested
INFO:werkzeug: * Detected change in 'C:\\Users\\HEX\\Documents\\GitHub\\vaccine-misinfo\\app\\app.py', reloading
INFO:werkzeug: * Detected change in 'C:\\Users\\HEX\\Documents\\GitHub\\vaccine-misinfo\\app\\app.py', reloading
INFO:werkzeug: * Detected change in 'C:\\Users\\HEX\\Documents\\GitHub\\vaccine-misinfo\\app\\app.py', reloading
INFO:werkzeug: * Restarting with watchdog (windowsapi)
INFO:root:Found nklt data at .\nltk_data
INFO:root:CountVectorizer and Classifiers pickles successfully tested
INFO:werkzeug: * Detected change in 'C:\\Users\\HEX\\Documents\\GitHub\\vaccine-misinfo\\app\\app.py', reloading
INFO:werkzeug: * Detected change in 'C:\\Users\\HEX\\Documents\\GitHub\\vaccine-misinfo\\app\\app.py', reloading
INFO:werkzeug: * Detected change in 'C:\\Users\\HEX\\Documents\\GitHub\\vaccine-misinfo\\app\\app.py', reloading
INFO:werkzeug: * Restarting with watchdog (windowsapi)
INFO:root:Found nklt data at .\nltk_data
INFO:root:CountVectorizer and Classifiers pickles successfully tested
INFO:werkzeug: * Detected change in 'C:\\Users\\HEX\\Documents\\GitHub\\vaccine-misinfo\\app\\app.py', reloading
INFO:werkzeug: * Detected change in 'C:\\Users\\HEX\\Documents\\GitHub\\vaccine-misinfo\\app\\app.py', reloading
INFO:werkzeug: * Detected change in 'C:\\Users\\HEX\\Documents\\GitHub\\vaccine-misinfo\\app\\app.py', reloading
INFO:werkzeug: * Restarting with watchdog (windowsapi)
INFO:root:Found nklt data at .\nltk_data
INFO:root:CountVectorizer and Classifiers pickles successfully tested
INFO:werkzeug:127.0.0.1 - - [08/Apr/2022 23:17:25] "[35m[1mGET /predict?clf=ab_clf&url=https://twitter.com/user/status/1234567890 HTTP/1.1[0m" 500 -
INFO:werkzeug: * Detected change in 'C:\\Users\\HEX\\Documents\\GitHub\\vaccine-misinfo\\app\\app.py', reloading
INFO:werkzeug: * Detected change in 'C:\\Users\\HEX\\Documents\\GitHub\\vaccine-misinfo\\app\\app.py', reloading
INFO:werkzeug: * Detected change in 'C:\\Users\\HEX\\Documents\\GitHub\\vaccine-misinfo\\app\\app.py', reloading
INFO:werkzeug: * Restarting with watchdog (windowsapi)
INFO:root:Found nklt data at .\nltk_data. Adding to nltk's serach path...
INFO:root:CountVectorizer and Classifiers pickles successfully tested
INFO:werkzeug: * Detected change in 'C:\\Users\\HEX\\Documents\\GitHub\\vaccine-misinfo\\app\\app.py', reloading
INFO:werkzeug: * Detected change in 'C:\\Users\\HEX\\Documents\\GitHub\\vaccine-misinfo\\app\\app.py', reloading
INFO:werkzeug: * Detected change in 'C:\\Users\\HEX\\Documents\\GitHub\\vaccine-misinfo\\app\\app.py', reloading
INFO:werkzeug: * Restarting with watchdog (windowsapi)
INFO:root:Found nklt data at .\nltk_data. Adding to nltk's serach path...
INFO:root:CountVectorizer and Classifiers pickles successfully tested
INFO:root:Predicted 0 for string:
\u0391\u03c1\u03c3\u03b5\u03bd\u03b1\u03bb - \u03a3\u03ac\u03bd\u03c4\u03b5\u03c1\u03bb\u03b1\u03bd\u03c4: (X) 0-0 \u03c4\u03b5\u03bb\u03b9\u03ba\u03cc
INFO:werkzeug:127.0.0.1 - - [08/Apr/2022 23:19:21] "GET /predict?clf=ab_clf&url=https://twitter.com/user/status/1234567890 HTTP/1.1" 200 -
INFO:werkzeug: * Detected change in 'C:\\Users\\HEX\\Documents\\GitHub\\vaccine-misinfo\\app\\app.py', reloading
INFO:werkzeug: * Detected change in 'C:\\Users\\HEX\\Documents\\GitHub\\vaccine-misinfo\\app\\app.py', reloading
INFO:werkzeug: * Detected change in 'C:\\Users\\HEX\\Documents\\GitHub\\vaccine-misinfo\\app\\app.py', reloading
INFO:werkzeug: * Restarting with watchdog (windowsapi)
INFO:root:Found nklt data at .\nltk_data. Adding to nltk's serach path...
INFO:root:CountVectorizer and Classifiers pickles successfully tested
INFO:werkzeug: * Detected change in 'C:\\Users\\HEX\\Documents\\GitHub\\vaccine-misinfo\\app\\app.py', reloading
INFO:werkzeug: * Detected change in 'C:\\Users\\HEX\\Documents\\GitHub\\vaccine-misinfo\\app\\app.py', reloading
INFO:werkzeug: * Detected change in 'C:\\Users\\HEX\\Documents\\GitHub\\vaccine-misinfo\\app\\app.py', reloading
INFO:werkzeug: * Restarting with watchdog (windowsapi)
INFO:root:Found nklt data at .\nltk_data. Adding to nltk's serach path...
INFO:root:CountVectorizer and Classifiers pickles successfully tested
INFO:werkzeug: * Detected change in 'C:\\Users\\HEX\\Documents\\GitHub\\vaccine-misinfo\\app\\app.py', reloading
INFO:werkzeug: * Detected change in 'C:\\Users\\HEX\\Documents\\GitHub\\vaccine-misinfo\\app\\app.py', reloading
INFO:werkzeug: * Detected change in 'C:\\Users\\HEX\\Documents\\GitHub\\vaccine-misinfo\\app\\app.py', reloading
INFO:werkzeug: * Detected change in 'C:\\Users\\HEX\\Documents\\GitHub\\vaccine-misinfo\\app\\app.py', reloading
INFO:werkzeug: * Restarting with watchdog (windowsapi)
INFO:root:Found nklt data at .\nltk_data. Adding to nltk's serach path...
INFO:root:CountVectorizer and Classifiers pickles successfully tested
